INFO:     Will watch for changes in these directories: ['D:\\Work_Area\\AI\\WeChatProject\\WechatMiniProgram01\\backend']
INFO:     Uvicorn running on http://0.0.0.0:8000 (Press CTRL+C to quit)
INFO:     Started reloader process [22628] using WatchFiles
INFO:     Started server process [404]
INFO:     Waiting for application startup.
2026-05-21 13:43:10,976 [INFO] [main] ============================================================
2026-05-21 13:43:10,979 [INFO] [main] 股票量化分析与预测系统 V4.0 启动中...
2026-05-21 13:43:10,982 [INFO] [main] ============================================================
2026-05-21 13:43:10,985 [INFO] [models.database_manager] 数据库表创建完成
2026-05-21 13:43:10,988 [INFO] [main] 数据库初始化完成
2026-05-21 13:43:11,113 - mootdx - INFO - [-] 选择最快的服务器...
2026-05-21 13:43:11,113 [INFO] [mootdx] [-] 选择最快的服务器...
2026-05-21 13:43:55,213 [INFO] [watchfiles.main] 1 change detected
2026-05-21 13:43:55,576 [INFO] [watchfiles.main] 1 change detected
2026-05-21 13:43:55,981 [INFO] [watchfiles.main] 1 change detected
2026-05-21 13:43:56,397 [INFO] [watchfiles.main] 1 change detected
2026-05-21 13:43:56,814 [INFO] [watchfiles.main] 1 change detected
2026-05-21 13:43:57,166 [INFO] [watchfiles.main] 1 change detected
2026-05-21 13:43:57,569 [INFO] [watchfiles.main] 1 change detected
2026-05-21 13:43:57,983 [INFO] [watchfiles.main] 1 change detected
2026-05-21 13:43:58,398 [INFO] [watchfiles.main] 1 change detected
2026-05-21 13:43:58,815 [INFO] [watchfiles.main] 1 change detected
2026-05-21 13:43:59,233 [INFO] [watchfiles.main] 1 change detected
2026-05-21 13:43:59,599 [INFO] [watchfiles.main] 1 change detected
2026-05-21 13:44:00,009 [INFO] [watchfiles.main] 1 change detected
2026-05-21 13:44:00,417 [INFO] [watchfiles.main] 1 change detected
2026-05-21 13:44:00,831 [INFO] [watchfiles.main] 1 change detected
2026-05-21 13:44:01,193 [INFO] [watchfiles.main] 1 change detected
2026-05-21 13:44:01,602 [INFO] [watchfiles.main] 1 change detected
2026-05-21 13:44:02,019 [INFO] [watchfiles.main] 1 change detected
2026-05-21 13:44:02,583 [INFO] [watchfiles.main] 1 change detected
2026-05-21 13:44:02,935 [INFO] [watchfiles.main] 1 change detected
2026-05-21 13:44:03,302 [INFO] [watchfiles.main] 1 change detected
2026-05-21 13:44:03,713 [INFO] [watchfiles.main] 1 change detected
2026-05-21 13:44:04,118 [INFO] [watchfiles.main] 1 change detected
2026-05-21 13:44:04,572 [INFO] [watchfiles.main] 1 change detected
2026-05-21 13:44:04,938 [INFO] [watchfiles.main] 1 change detected
2026-05-21 13:44:05,347 [INFO] [watchfiles.main] 1 change detected
2026-05-21 13:44:05,751 [INFO] [watchfiles.main] 1 change detected
2026-05-21 13:44:06,156 [INFO] [watchfiles.main] 1 change detected
2026-05-21 13:44:06,572 [INFO] [watchfiles.main] 1 change detected
2026-05-21 13:44:06,942 [INFO] [watchfiles.main] 1 change detected
2026-05-21 13:44:07,353 [INFO] [watchfiles.main] 1 change detected
2026-05-21 13:44:07,757 [INFO] [watchfiles.main] 1 change detected
2026-05-21 13:44:08,159 [INFO] [watchfiles.main] 1 change detected
2026-05-21 13:44:08,574 [INFO] [watchfiles.main] 1 change detected
2026-05-21 13:44:08,985 [INFO] [watchfiles.main] 1 change detected
2026-05-21 13:44:09,388 [INFO] [watchfiles.main] 1 change detected
2026-05-21 13:44:09,792 [INFO] [watchfiles.main] 1 change detected
2026-05-21 13:44:10,197 [INFO] [watchfiles.main] 1 change detected
2026-05-21 13:44:10,600 [INFO] [watchfiles.main] 1 change detected
2026-05-21 13:44:11,005 [INFO] [watchfiles.main] 1 change detected
2026-05-21 13:44:11,408 [INFO] [watchfiles.main] 1 change detected
2026-05-21 13:44:11,812 [INFO] [watchfiles.main] 1 change detected
2026-05-21 13:44:12,214 [INFO] [watchfiles.main] 1 change detected
2026-05-21 13:44:12,625 [INFO] [watchfiles.main] 1 change detected
2026-05-21 13:44:12,994 [INFO] [watchfiles.main] 1 change detected
2026-05-21 13:44:13,411 [INFO] [watchfiles.main] 1 change detected
2026-05-21 13:44:13,819 [INFO] [watchfiles.main] 1 change detected
2026-05-21 13:44:14,223 [INFO] [watchfiles.main] 1 change detected
2026-05-21 13:44:14,629 [INFO] [watchfiles.main] 1 change detected
2026-05-21 13:44:14,987 [INFO] [watchfiles.main] 1 change detected
2026-05-21 13:44:15,397 [INFO] [watchfiles.main] 1 change detected
2026-05-21 13:44:15,814 [INFO] [watchfiles.main] 1 change detected
2026-05-21 13:44:16,224 [INFO] [watchfiles.main] 1 change detected
2026-05-21 13:44:16,644 [INFO] [watchfiles.main] 1 change detected
2026-05-21 13:44:17,051 [INFO] [watchfiles.main] 1 change detected
2026-05-21 13:44:17,458 [INFO] [watchfiles.main] 1 change detected
2026-05-21 13:44:17,865 [INFO] [watchfiles.main] 1 change detected
2026-05-21 13:44:18,282 [INFO] [watchfiles.main] 1 change detected
2026-05-21 13:44:18,634 [INFO] [watchfiles.main] 1 change detected
2026-05-21 13:44:19,100 [INFO] [watchfiles.main] 1 change detected
2026-05-21 13:44:19,464 [INFO] [watchfiles.main] 1 change detected
2026-05-21 13:44:19,882 [INFO] [watchfiles.main] 1 change detected
2026-05-21 13:44:20,288 [INFO] [watchfiles.main] 1 change detected
2026-05-21 13:44:20,707 [INFO] [watchfiles.main] 1 change detected
2026-05-21 13:44:21,069 [INFO] [watchfiles.main] 1 change detected
2026-05-21 13:44:21,079 [ERROR] [adapters.tdx_hq_adapter] 连接通达信行情服务器失败: not enough values to unpack (expected 2, got 0)
2026-05-21 13:44:21,079 [WARNING] [adapters.data_source_manager] 通达信行情服务器适配器初始化失败 (mootdx)
2026-05-21 13:44:21,080 [INFO] [adapters.tdx_local_adapter] 通达信本地数据适配器连接成功: D:\new_tdx64
2026-05-21 13:44:21,080 [INFO] [adapters.data_source_manager] 已初始化通达信本地数据适配器
2026-05-21 13:44:21,081 [INFO] [adapters.data_source_manager] 已初始化 5 个数据源: ['tdx_hq', 'tdx_local', 'akshare', 'baostock', 'tushare']
2026-05-21 13:44:21,082 - mootdx - INFO - [-] 选择最快的服务器...
2026-05-21 13:44:21,082 [INFO] [mootdx] [-] 选择最快的服务器...
2026-05-21 13:44:21,485 [INFO] [watchfiles.main] 1 change detected
2026-05-21 13:44:21,889 [INFO] [watchfiles.main] 1 change detected
2026-05-21 13:44:22,304 [INFO] [watchfiles.main] 1 change detected
2026-05-21 13:44:22,721 [INFO] [watchfiles.main] 1 change detected
2026-05-21 13:44:23,137 [INFO] [watchfiles.main] 1 change detected
2026-05-21 13:44:23,554 [INFO] [watchfiles.main] 1 change detected
2026-05-21 13:44:23,919 [INFO] [watchfiles.main] 1 change detected
2026-05-21 13:44:24,337 [INFO] [watchfiles.main] 1 change detected
2026-05-21 13:44:24,740 [INFO] [watchfiles.main] 1 change detected
2026-05-21 13:44:25,155 [INFO] [watchfiles.main] 1 change detected
2026-05-21 13:44:25,521 [INFO] [watchfiles.main] 1 change detected
2026-05-21 13:44:25,935 [INFO] [watchfiles.main] 1 change detected
2026-05-21 13:44:26,355 [INFO] [watchfiles.main] 1 change detected
2026-05-21 13:44:26,757 [INFO] [watchfiles.main] 1 change detected
2026-05-21 13:44:27,160 [INFO] [watchfiles.main] 1 change detected
2026-05-21 13:44:27,523 [INFO] [watchfiles.main] 1 change detected
2026-05-21 13:44:27,890 [INFO] [watchfiles.main] 1 change detected
2026-05-21 13:44:28,292 [INFO] [watchfiles.main] 1 change detected
2026-05-21 13:44:28,707 [INFO] [watchfiles.main] 1 change detected
2026-05-21 13:44:29,124 [INFO] [watchfiles.main] 1 change detected
2026-05-21 13:44:29,490 [INFO] [watchfiles.main] 1 change detected
2026-05-21 13:44:29,894 [INFO] [watchfiles.main] 1 change detected
2026-05-21 13:44:30,309 [INFO] [watchfiles.main] 1 change detected
2026-05-21 13:44:30,677 [INFO] [watchfiles.main] 1 change detected
2026-05-21 13:44:31,093 [INFO] [watchfiles.main] 1 change detected
2026-05-21 13:44:31,511 [INFO] [watchfiles.main] 1 change detected
2026-05-21 13:44:31,918 [INFO] [watchfiles.main] 1 change detected
2026-05-21 13:44:32,328 [INFO] [watchfiles.main] 1 change detected
2026-05-21 13:44:32,731 [INFO] [watchfiles.main] 1 change detected
2026-05-21 13:44:33,144 [INFO] [watchfiles.main] 1 change detected
2026-05-21 13:44:33,545 [INFO] [watchfiles.main] 1 change detected
2026-05-21 13:44:33,911 [INFO] [watchfiles.main] 1 change detected
2026-05-21 13:44:34,320 [INFO] [watchfiles.main] 1 change detected
2026-05-21 13:44:34,729 [INFO] [watchfiles.main] 1 change detected
2026-05-21 13:44:35,145 [INFO] [watchfiles.main] 1 change detected
2026-05-21 13:44:35,562 [INFO] [watchfiles.main] 1 change detected
2026-05-21 13:44:35,979 [INFO] [watchfiles.main] 1 change detected
2026-05-21 13:44:36,348 [INFO] [watchfiles.main] 1 change detected
2026-05-21 13:44:36,750 [INFO] [watchfiles.main] 1 change detected
2026-05-21 13:44:37,165 [INFO] [watchfiles.main] 1 change detected
2026-05-21 13:44:37,577 [INFO] [watchfiles.main] 1 change detected
2026-05-21 13:44:37,931 [INFO] [watchfiles.main] 1 change detected
2026-05-21 13:44:38,338 [INFO] [watchfiles.main] 1 change detected
2026-05-21 13:44:38,756 [INFO] [watchfiles.main] 1 change detected
2026-05-21 13:44:39,122 [INFO] [watchfiles.main] 1 change detected
2026-05-21 13:44:39,534 [INFO] [watchfiles.main] 1 change detected
2026-05-21 13:44:39,949 [INFO] [watchfiles.main] 1 change detected
2026-05-21 13:44:40,308 [INFO] [watchfiles.main] 1 change detected
2026-05-21 13:44:40,719 [INFO] [watchfiles.main] 1 change detected
2026-05-21 13:44:41,127 [INFO] [watchfiles.main] 1 change detected
2026-05-21 13:44:41,534 [INFO] [watchfiles.main] 1 change detected
2026-05-21 13:44:41,944 [INFO] [watchfiles.main] 1 change detected
2026-05-21 13:44:42,319 [INFO] [watchfiles.main] 1 change detected
2026-05-21 13:44:42,734 [INFO] [watchfiles.main] 1 change detected
2026-05-21 13:44:43,138 [INFO] [watchfiles.main] 1 change detected
2026-05-21 13:44:43,553 [INFO] [watchfiles.main] 1 change detected
2026-05-21 13:44:43,972 [INFO] [watchfiles.main] 1 change detected
2026-05-21 13:44:44,335 [INFO] [watchfiles.main] 1 change detected
2026-05-21 13:44:44,754 [INFO] [watchfiles.main] 1 change detected
2026-05-21 13:44:45,169 [INFO] [watchfiles.main] 1 change detected
2026-05-21 13:44:45,583 [INFO] [watchfiles.main] 1 change detected
2026-05-21 13:44:45,939 [INFO] [watchfiles.main] 1 change detected
2026-05-21 13:44:46,353 [INFO] [watchfiles.main] 1 change detected
2026-05-21 13:44:46,761 [INFO] [watchfiles.main] 1 change detected
2026-05-21 13:44:47,273 [INFO] [watchfiles.main] 1 change detected
2026-05-21 13:44:47,688 [INFO] [watchfiles.main] 1 change detected
2026-05-21 13:44:48,052 [INFO] [watchfiles.main] 1 change detected
2026-05-21 13:44:48,456 [INFO] [watchfiles.main] 1 change detected
2026-05-21 13:44:48,861 [INFO] [watchfiles.main] 1 change detected
2026-05-21 13:44:49,274 [INFO] [watchfiles.main] 1 change detected
2026-05-21 13:44:49,692 [INFO] [watchfiles.main] 1 change detected
2026-05-21 13:44:50,053 [INFO] [watchfiles.main] 1 change detected
2026-05-21 13:44:50,457 [INFO] [watchfiles.main] 1 change detected
2026-05-21 13:44:50,821 [INFO] [watchfiles.main] 1 change detected
2026-05-21 13:44:51,273 [INFO] [watchfiles.main] 1 change detected
2026-05-21 13:44:51,630 [INFO] [watchfiles.main] 1 change detected
2026-05-21 13:44:52,034 [INFO] [watchfiles.main] 1 change detected
2026-05-21 13:44:52,442 [INFO] [watchfiles.main] 1 change detected
2026-05-21 13:44:52,859 [INFO] [watchfiles.main] 1 change detected
2026-05-21 13:44:53,224 [INFO] [watchfiles.main] 1 change detected
2026-05-21 13:44:53,637 [INFO] [watchfiles.main] 1 change detected
2026-05-21 13:44:54,041 [INFO] [watchfiles.main] 1 change detected
2026-05-21 13:44:54,444 [INFO] [watchfiles.main] 1 change detected
2026-05-21 13:44:54,846 [INFO] [watchfiles.main] 1 change detected
2026-05-21 13:44:55,258 [INFO] [watchfiles.main] 1 change detected
2026-05-21 13:44:55,662 [INFO] [watchfiles.main] 1 change detected
2026-05-21 13:44:56,073 [INFO] [watchfiles.main] 1 change detected
2026-05-21 13:44:56,479 [INFO] [watchfiles.main] 1 change detected
2026-05-21 13:44:56,881 [INFO] [watchfiles.main] 1 change detected
2026-05-21 13:44:57,287 [INFO] [watchfiles.main] 1 change detected
2026-05-21 13:44:57,694 [INFO] [watchfiles.main] 1 change detected
2026-05-21 13:44:58,053 [INFO] [watchfiles.main] 1 change detected
2026-05-21 13:44:58,466 [INFO] [watchfiles.main] 1 change detected
2026-05-21 13:44:58,879 [INFO] [watchfiles.main] 1 change detected
2026-05-21 13:44:59,237 [INFO] [watchfiles.main] 1 change detected
2026-05-21 13:44:59,643 [INFO] [watchfiles.main] 1 change detected
2026-05-21 13:45:00,049 [INFO] [watchfiles.main] 1 change detected
2026-05-21 13:45:00,458 [INFO] [watchfiles.main] 1 change detected
2026-05-21 13:45:00,872 [INFO] [watchfiles.main] 1 change detected
2026-05-21 13:45:01,283 [INFO] [watchfiles.main] 1 change detected
2026-05-21 13:45:01,635 [INFO] [watchfiles.main] 1 change detected
2026-05-21 13:45:02,037 [INFO] [watchfiles.main] 1 change detected
2026-05-21 13:45:02,453 [INFO] [watchfiles.main] 1 change detected
2026-05-21 13:45:02,859 [INFO] [watchfiles.main] 1 change detected
2026-05-21 13:45:03,268 [INFO] [watchfiles.main] 1 change detected
2026-05-21 13:45:03,684 [INFO] [watchfiles.main] 1 change detected
2026-05-21 13:45:04,086 [INFO] [watchfiles.main] 1 change detected
2026-05-21 13:45:04,499 [INFO] [watchfiles.main] 1 change detected
2026-05-21 13:45:04,918 [INFO] [watchfiles.main] 1 change detected
2026-05-21 13:45:05,333 [INFO] [watchfiles.main] 1 change detected
2026-05-21 13:45:05,741 [INFO] [watchfiles.main] 1 change detected
2026-05-21 13:45:06,143 [INFO] [watchfiles.main] 1 change detected
2026-05-21 13:45:06,555 [INFO] [watchfiles.main] 1 change detected
2026-05-21 13:45:06,958 [INFO] [watchfiles.main] 1 change detected
2026-05-21 13:45:07,319 [INFO] [watchfiles.main] 1 change detected
2026-05-21 13:45:07,772 [INFO] [watchfiles.main] 1 change detected
2026-05-21 13:45:08,124 [INFO] [watchfiles.main] 1 change detected
2026-05-21 13:45:08,538 [INFO] [watchfiles.main] 1 change detected
2026-05-21 13:45:08,943 [INFO] [watchfiles.main] 1 change detected
2026-05-21 13:45:09,345 [INFO] [watchfiles.main] 1 change detected
2026-05-21 13:45:09,752 [INFO] [watchfiles.main] 1 change detected
2026-05-21 13:45:10,158 [INFO] [watchfiles.main] 1 change detected
2026-05-21 13:45:10,576 [INFO] [watchfiles.main] 1 change detected
2026-05-21 13:45:10,940 [INFO] [watchfiles.main] 1 change detected
2026-05-21 13:45:11,352 [INFO] [watchfiles.main] 1 change detected
2026-05-21 13:45:11,761 [INFO] [watchfiles.main] 1 change detected
2026-05-21 13:45:12,177 [INFO] [watchfiles.main] 1 change detected
2026-05-21 13:45:12,538 [INFO] [watchfiles.main] 1 change detected
2026-05-21 13:45:12,943 [INFO] [watchfiles.main] 1 change detected
2026-05-21 13:45:13,346 [INFO] [watchfiles.main] 1 change detected
2026-05-21 13:45:13,761 [INFO] [watchfiles.main] 1 change detected
2026-05-21 13:45:14,174 [INFO] [watchfiles.main] 1 change detected
2026-05-21 13:45:14,587 [INFO] [watchfiles.main] 1 change detected
2026-05-21 13:45:14,992 [INFO] [watchfiles.main] 1 change detected
2026-05-21 13:45:15,362 [INFO] [watchfiles.main] 1 change detected
2026-05-21 13:45:15,782 [INFO] [watchfiles.main] 1 change detected
2026-05-21 13:45:16,186 [INFO] [watchfiles.main] 1 change detected
2026-05-21 13:45:16,598 [INFO] [watchfiles.main] 1 change detected
2026-05-21 13:45:16,964 [INFO] [watchfiles.main] 1 change detected
2026-05-21 13:45:17,383 [INFO] [watchfiles.main] 1 change detected
2026-05-21 13:45:17,786 [INFO] [watchfiles.main] 1 change detected
2026-05-21 13:45:18,191 [INFO] [watchfiles.main] 1 change detected
2026-05-21 13:45:18,598 [INFO] [watchfiles.main] 1 change detected
2026-05-21 13:45:18,965 [INFO] [watchfiles.main] 1 change detected
2026-05-21 13:45:19,374 [INFO] [watchfiles.main] 1 change detected
2026-05-21 13:45:19,778 [INFO] [watchfiles.main] 1 change detected
2026-05-21 13:45:20,183 [INFO] [watchfiles.main] 1 change detected
2026-05-21 13:45:20,602 [INFO] [watchfiles.main] 1 change detected
2026-05-21 13:45:20,970 [INFO] [watchfiles.main] 1 change detected
2026-05-21 13:45:21,379 [INFO] [watchfiles.main] 1 change detected
2026-05-21 13:45:21,784 [INFO] [watchfiles.main] 1 change detected
2026-05-21 13:45:22,202 [INFO] [watchfiles.main] 1 change detected
2026-05-21 13:45:22,607 [INFO] [watchfiles.main] 1 change detected
2026-05-21 13:45:23,013 [INFO] [watchfiles.main] 1 change detected
2026-05-21 13:45:23,416 [INFO] [watchfiles.main] 1 change detected
2026-05-21 13:45:23,820 [INFO] [watchfiles.main] 1 change detected
2026-05-21 13:45:24,224 [INFO] [watchfiles.main] 1 change detected
2026-05-21 13:45:24,595 [INFO] [watchfiles.main] 1 change detected
2026-05-21 13:45:25,004 [INFO] [watchfiles.main] 1 change detected
2026-05-21 13:45:25,422 [INFO] [watchfiles.main] 1 change detected
2026-05-21 13:45:25,832 [INFO] [watchfiles.main] 1 change detected
2026-05-21 13:45:26,238 [INFO] [watchfiles.main] 1 change detected
2026-05-21 13:45:26,655 [INFO] [watchfiles.main] 1 change detected
2026-05-21 13:45:27,072 [INFO] [watchfiles.main] 1 change detected
2026-05-21 13:45:27,476 [INFO] [watchfiles.main] 1 change detected
2026-05-21 13:45:27,839 [INFO] [watchfiles.main] 1 change detected
2026-05-21 13:45:28,242 [INFO] [watchfiles.main] 1 change detected
2026-05-21 13:45:28,643 [INFO] [watchfiles.main] 1 change detected
2026-05-21 13:45:29,058 [INFO] [watchfiles.main] 1 change detected
2026-05-21 13:45:29,464 [INFO] [watchfiles.main] 1 change detected
2026-05-21 13:45:29,874 [INFO] [watchfiles.main] 1 change detected
2026-05-21 13:45:30,238 [INFO] [watchfiles.main] 1 change detected
2026-05-21 13:45:30,641 [INFO] [watchfiles.main] 1 change detected
2026-05-21 13:45:31,045 [INFO] [watchfiles.main] 1 change detected
2026-05-21 13:45:31,461 [INFO] [watchfiles.main] 1 change detected
2026-05-21 13:45:31,603 [INFO] [adapters.tdx_hq_adapter] 通达信行情服务器连接成功 (mootdx)
2026-05-21 13:45:31,604 [INFO] [adapters.tdx_local_adapter] 通达信本地数据适配器连接成功: D:\new_tdx64
2026-05-21 13:45:31,875 [INFO] [watchfiles.main] 1 change detected
2026-05-21 13:45:31,972 [INFO] [adapters.akshare_adapter] AKShare 数据源连接成功
2026-05-21 13:45:32,079 [INFO] [adapters.baostock_adapter] Baostock 数据源连接成功
2026-05-21 13:45:32,104 [INFO] [adapters.tushare_adapter] Tushare 数据源连接成功
2026-05-21 13:45:32,104 [INFO] [main] 数据源 tdx_hq: \u2713
2026-05-21 13:45:32,105 [INFO] [main] 数据源 tdx_local: \u2713
2026-05-21 13:45:32,105 [INFO] [main] 数据源 akshare: \u2713
2026-05-21 13:45:32,105 [INFO] [main] 数据源 baostock: \u2713
2026-05-21 13:45:32,105 [INFO] [main] 数据源 tushare: \u2713
2026-05-21 13:45:32,105 [INFO] [main] ============================================================
2026-05-21 13:45:32,105 [INFO] [main] 系统启动完成!
2026-05-21 13:45:32,105 [INFO] [main] ============================================================
INFO:     Application startup complete.
2026-05-21 13:45:32,277 [INFO] [watchfiles.main] 1 change detected
2026-05-21 13:45:32,694 [INFO] [watchfiles.main] 1 change detected
2026-05-21 13:45:33,111 [INFO] [watchfiles.main] 1 change detected
2026-05-21 13:45:33,527 [INFO] [watchfiles.main] 1 change detected
2026-05-21 13:45:33,893 [INFO] [watchfiles.main] 1 change detected
2026-05-21 13:45:34,311 [INFO] [watchfiles.main] 1 change detected
2026-05-21 13:45:34,730 [INFO] [watchfiles.main] 1 change detected
2026-05-21 13:45:35,145 [INFO] [watchfiles.main] 1 change detected
2026-05-21 13:45:35,562 [INFO] [watchfiles.main] 1 change detected
2026-05-21 13:45:35,980 [INFO] [watchfiles.main] 1 change detected
2026-05-21 13:45:36,382 [INFO] [watchfiles.main] 1 change detected
2026-05-21 13:45:36,796 [INFO] [watchfiles.main] 1 change detected
2026-05-21 13:45:37,261 [INFO] [watchfiles.main] 1 change detected
2026-05-21 13:45:37,621 [INFO] [watchfiles.main] 1 change detected
2026-05-21 13:45:38,030 [INFO] [watchfiles.main] 1 change detected
2026-05-21 13:45:38,433 [INFO] [watchfiles.main] 1 change detected
2026-05-21 13:45:38,841 [INFO] [watchfiles.main] 1 change detected
2026-05-21 13:45:39,157 - mootdx - INFO - [-] 选择最快的服务器...
2026-05-21 13:45:39,157 [INFO] [mootdx] [-] 选择最快的服务器...
2026-05-21 13:45:39,206 [INFO] [watchfiles.main] 1 change detected
2026-05-21 13:45:39,614 [INFO] [watchfiles.main] 1 change detected
2026-05-21 13:45:40,029 [INFO] [watchfiles.main] 1 change detected
2026-05-21 13:45:40,450 [INFO] [watchfiles.main] 1 change detected
2026-05-21 13:45:40,866 [INFO] [watchfiles.main] 1 change detected
2026-05-21 13:45:41,284 [INFO] [watchfiles.main] 1 change detected
2026-05-21 13:45:41,688 [INFO] [watchfiles.main] 1 change detected
2026-05-21 13:45:42,103 [INFO] [watchfiles.main] 1 change detected
2026-05-21 13:45:42,518 [INFO] [watchfiles.main] 1 change detected
2026-05-21 13:45:42,934 [INFO] [watchfiles.main] 1 change detected
2026-05-21 13:45:43,302 [INFO] [watchfiles.main] 1 change detected
2026-05-21 13:45:43,668 [INFO] [watchfiles.main] 1 change detected
2026-05-21 13:45:44,086 [INFO] [watchfiles.main] 1 change detected
2026-05-21 13:45:44,496 [INFO] [watchfiles.main] 1 change detected
2026-05-21 13:45:44,904 [INFO] [watchfiles.main] 1 change detected
2026-05-21 13:45:45,309 [INFO] [watchfiles.main] 1 change detected
2026-05-21 13:45:45,722 [INFO] [watchfiles.main] 1 change detected
2026-05-21 13:45:46,091 [INFO] [watchfiles.main] 1 change detected
2026-05-21 13:45:46,504 [INFO] [watchfiles.main] 1 change detected
2026-05-21 13:45:46,921 [INFO] [watchfiles.main] 1 change detected
2026-05-21 13:45:47,339 [INFO] [watchfiles.main] 1 change detected
2026-05-21 13:45:47,756 [INFO] [watchfiles.main] 1 change detected
2026-05-21 13:45:48,172 [INFO] [watchfiles.main] 1 change detected
2026-05-21 13:45:48,525 [INFO] [watchfiles.main] 1 change detected
2026-05-21 13:45:48,941 [INFO] [watchfiles.main] 1 change detected
2026-05-21 13:45:49,343 [INFO] [watchfiles.main] 1 change detected
2026-05-21 13:45:49,758 [INFO] [watchfiles.main] 1 change detected
2026-05-21 13:45:50,170 [INFO] [watchfiles.main] 1 change detected
